<?xml version="1.0" encoding="UTF-8"?>
<!-- Generated by org.testng.reporters.JUnitReportReporter -->
<testsuite hostname="DESKTOP-1OESOUB" failures="0" tests="3" name="demo.TestNGDependencyDemo" time="0.051" errors="0" timestamp="2020-09-09T19:36:06 IST" skipped="0">
  <testcase classname="demo.TestNGDependencyDemo" name="test3" time="0.041"/>
  <system-out/>
  <testcase classname="demo.TestNGDependencyDemo" name="test2" time="0.006"/>
  <system-out/>
  <testcase classname="demo.TestNGDependencyDemo" name="test1" time="0.004"/>
  <system-out/>
</testsuite> <!-- demo.TestNGDependencyDemo -->
