<?xml version="1.0" encoding="UTF-8"?>
<!-- Generated by org.testng.reporters.JUnitReportReporter -->
<testsuite hostname="DESKTOP-1OESOUB" failures="0" tests="4" name="demo.TestNGroupsDemo" time="0.056" errors="0" timestamp="2020-09-09T17:04:08 IST" skipped="0">
  <testcase classname="demo.TestNGroupsDemo" name="test2" time="0.005"/>
  <system-out/>
  <testcase classname="demo.TestNGroupsDemo" name="test1" time="0.039"/>
  <system-out/>
  <testcase classname="demo.TestNGroupsDemo" name="test4" time="0.008"/>
  <system-out/>
  <testcase classname="demo.TestNGroupsDemo" name="test3" time="0.004"/>
  <system-out/>
</testsuite> <!-- demo.TestNGroupsDemo -->
