<?xml version="1.0" encoding="UTF-8"?>
<!-- Generated by org.testng.reporters.JUnitReportReporter -->
<testsuite hostname="DESKTOP-1OESOUB" failures="0" tests="3" name="demo.TestNGIgnoreDemo" time="0.043" errors="0" timestamp="2020-09-09T19:25:36 IST" skipped="1">
  <testcase classname="demo.TestNGIgnoreDemo" name="test1" time="0.035"/>
  <system-out/>
  <testcase classname="demo.TestNGIgnoreDemo" name="test2" time="0.008"/>
  <system-out/>
  <testcase classname="demo.TestNGIgnoreDemo" name="test3">
    <skipped/>
  </testcase> <!-- test3 -->
  <system-out/>
</testsuite> <!-- demo.TestNGIgnoreDemo -->
