<?xml version="1.0" encoding="UTF-8"?>
<!-- Generated by org.testng.reporters.JUnitReportReporter -->
<testsuite hostname="DESKTOP-1OESOUB" failures="0" tests="3" name="utils.ExcelDataProvider" time="29.693" errors="0" timestamp="2020-09-11T14:55:21 IST" skipped="0">
  <testcase classname="utils.ExcelDataProvider" name="test1" time="7.187"/>
  <system-out/>
  <testcase classname="utils.ExcelDataProvider" name="test1" time="8.623"/>
  <system-out/>
  <testcase classname="utils.ExcelDataProvider" name="test1" time="13.883"/>
  <system-out/>
</testsuite> <!-- utils.ExcelDataProvider -->
