<?xml version="1.0" encoding="UTF-8"?>
<!-- Generated by org.testng.reporters.JUnitReportReporter -->
<testsuite hostname="DESKTOP-1OESOUB" failures="0" tests="1" name="test.TestNG_Demo2" time="18.787" errors="0" timestamp="2020-09-02T18:54:39 IST" skipped="0">
  <testcase classname="test.TestNG_Demo2" name="googleSearch3" time="18.787"/>
  <system-out/>
</testsuite> <!-- test.TestNG_Demo2 -->
