<?xml version="1.0" encoding="UTF-8"?>
<!-- Generated by org.testng.reporters.JUnitReportReporter -->
<testsuite hostname="DESKTOP-1OESOUB" failures="0" tests="1" name="demo.TestNGParametersDemo" time="0.038" errors="0" timestamp="2020-09-09T14:05:37 IST" skipped="0">
  <testcase classname="demo.TestNGParametersDemo" name="test" time="0.038"/>
  <system-out/>
</testsuite> <!-- demo.TestNGParametersDemo -->
