<?xml version="1.0" encoding="UTF-8"?>
<!-- Generated by org.testng.reporters.JUnitReportReporter -->
<testsuite hostname="DESKTOP-1OESOUB" failures="0" tests="3" name="demo.TestNGPriorityDemo" time="0.050" errors="0" timestamp="2020-09-09T13:50:36 IST" skipped="0">
  <testcase classname="demo.TestNGPriorityDemo" name="two" time="0.037"/>
  <system-out/>
  <testcase classname="demo.TestNGPriorityDemo" name="one" time="0.007"/>
  <system-out/>
  <testcase classname="demo.TestNGPriorityDemo" name="three" time="0.006"/>
  <system-out/>
</testsuite> <!-- demo.TestNGPriorityDemo -->
