<?xml version="1.0" encoding="UTF-8"?>
<!-- Generated by org.testng.reporters.JUnitReportReporter -->
<testsuite hostname="DESKTOP-1OESOUB" failures="0" tests="2" name="test.ExtentReportsDemowithTestNG" time="4.692" errors="0" timestamp="2020-09-03T14:36:45 IST" skipped="0">
  <testcase classname="test.ExtentReportsDemowithTestNG" name="test1" time="4.680"/>
  <system-out/>
  <testcase classname="test.ExtentReportsDemowithTestNG" name="test2" time="0.012"/>
  <system-out/>
</testsuite> <!-- test.ExtentReportsDemowithTestNG -->
